Importer Log Report
Document: C:\Users\Sundra\Box\KiCad\BlinkySomething\Blinky\v2attemptBlinky.kicad_pcb
    Section : Analyze Document from - C:\Users\Sundra\Box\KiCad\BlinkySomething\Blinky\v2attemptBlinky.kicad_pcb
        Warning: Pad name is empty, autogenerated name 'Un1' assigned to pad pad.
        Warning: Pad name is empty, autogenerated name 'Un2' assigned to pad pad.
    EndSection
    Section : Import Document - C:\Users\Sundra\Box\KiCad\BlinkySomething\Blinky\Imported Blinky\v2attemptBlinky(1).PcbDoc
        Section : Component G*** importing.
        EndSection
        Section : Component SW1 importing.
        EndSection
        Section : Component BT1 importing.
        EndSection
        Section : Component D1 importing.
        EndSection
        Section : Component D2 importing.
        EndSection
        Section : Component D3 importing.
        EndSection
    EndSection
